{"/home/gauresh.pa/Training/Phase 1/Week4-Project/src/reducer.js": {"path":"/home/gauresh.pa/Training/Phase 1/Week4-Project/src/reducer.js","statementMap":{"0":{"start":{"line":2,"column":4},"end":{"line":58,"column":null}},"1":{"start":{"line":4,"column":12},"end":{"line":4,"column":null}},"2":{"start":{"line":7,"column":12},"end":{"line":13,"column":null}},"3":{"start":{"line":16,"column":12},"end":{"line":22,"column":null}},"4":{"start":{"line":19,"column":20},"end":{"line":20,"column":null}},"5":{"start":{"line":25,"column":12},"end":{"line":30,"column":null}},"6":{"start":{"line":28,"column":20},"end":{"line":28,"column":null}},"7":{"start":{"line":33,"column":12},"end":{"line":36,"column":null}},"8":{"start":{"line":39,"column":12},"end":{"line":42,"column":null}},"9":{"start":{"line":45,"column":12},"end":{"line":48,"column":null}},"10":{"start":{"line":51,"column":12},"end":{"line":54,"column":null}},"11":{"start":{"line":57,"column":12},"end":{"line":57,"column":null}}},"fnMap":{"0":{"name":"reducer","decl":{"start":{"line":1,"column":16},"end":{"line":1,"column":23}},"loc":{"start":{"line":1,"column":39},"end":{"line":59,"column":null}},"line":1},"1":{"name":"(anonymous_1)","decl":{"start":{"line":18,"column":53},"end":{"line":18,"column":54}},"loc":{"start":{"line":19,"column":20},"end":{"line":20,"column":null}},"line":19},"2":{"name":"(anonymous_2)","decl":{"start":{"line":27,"column":56},"end":{"line":27,"column":57}},"loc":{"start":{"line":28,"column":20},"end":{"line":28,"column":null}},"line":28}},"branchMap":{"0":{"loc":{"start":{"line":2,"column":4},"end":{"line":58,"column":null}},"type":"switch","locations":[{"start":{"line":3,"column":8},"end":{"line":4,"column":null}},{"start":{"line":6,"column":8},"end":{"line":13,"column":null}},{"start":{"line":15,"column":8},"end":{"line":22,"column":null}},{"start":{"line":24,"column":8},"end":{"line":30,"column":null}},{"start":{"line":32,"column":8},"end":{"line":36,"column":null}},{"start":{"line":38,"column":8},"end":{"line":42,"column":null}},{"start":{"line":44,"column":8},"end":{"line":48,"column":null}},{"start":{"line":50,"column":8},"end":{"line":54,"column":null}},{"start":{"line":56,"column":8},"end":{"line":57,"column":null}}],"line":2},"1":{"loc":{"start":{"line":19,"column":20},"end":{"line":20,"column":null}},"type":"cond-expr","locations":[{"start":{"line":20,"column":22},"end":{"line":20,"column":57}},{"start":{"line":20,"column":60},"end":{"line":20,"column":null}}],"line":19}},"s":{"0":9,"1":1,"2":1,"3":1,"4":1,"5":1,"6":1,"7":1,"8":1,"9":1,"10":1,"11":1},"f":{"0":9,"1":1,"2":1},"b":{"0":[1,1,1,1,1,1,1,1,1],"1":[1,0]},"meta":{"lastBranch":2,"lastFunction":3,"lastStatement":12,"seen":{"f:1:16:1:23":0,"b:3:8:4:Infinity:6:8:13:Infinity:15:8:22:Infinity:24:8:30:Infinity:32:8:36:Infinity:38:8:42:Infinity:44:8:48:Infinity:50:8:54:Infinity:56:8:57:Infinity":0,"s:2:4:58:Infinity":0,"s:4:12:4:Infinity":1,"s:7:12:13:Infinity":2,"s:16:12:22:Infinity":3,"f:18:53:18:54":1,"s:19:20:20:Infinity":4,"b:20:22:20:57:20:60:20:Infinity":1,"s:25:12:30:Infinity":5,"f:27:56:27:57":2,"s:28:20:28:Infinity":6,"s:33:12:36:Infinity":7,"s:39:12:42:Infinity":8,"s:45:12:48:Infinity":9,"s:51:12:54:Infinity":10,"s:57:12:57:Infinity":11},"fnNames":{}}}
,"/home/gauresh.pa/Training/Phase 1/Week4-Project/src/router.js": {"path":"/home/gauresh.pa/Training/Phase 1/Week4-Project/src/router.js","statementMap":{"0":{"start":{"line":2,"column":19},"end":{"line":2,"column":21}},"1":{"start":{"line":5,"column":8},"end":{"line":5,"column":null}},"2":{"start":{"line":9,"column":8},"end":{"line":37,"column":null}},"3":{"start":{"line":10,"column":31},"end":{"line":10,"column":52}},"4":{"start":{"line":11,"column":30},"end":{"line":11,"column":49}},"5":{"start":{"line":13,"column":12},"end":{"line":15,"column":null}},"6":{"start":{"line":14,"column":16},"end":{"line":14,"column":null}},"7":{"start":{"line":17,"column":27},"end":{"line":17,"column":29}},"8":{"start":{"line":18,"column":26},"end":{"line":18,"column":30}},"9":{"start":{"line":20,"column":12},"end":{"line":29,"column":null}},"10":{"start":{"line":20,"column":25},"end":{"line":20,"column":26}},"11":{"start":{"line":21,"column":16},"end":{"line":28,"column":null}},"12":{"start":{"line":22,"column":38},"end":{"line":22,"column":60}},"13":{"start":{"line":23,"column":20},"end":{"line":23,"column":null}},"14":{"start":{"line":25,"column":21},"end":{"line":28,"column":null}},"15":{"start":{"line":26,"column":20},"end":{"line":26,"column":null}},"16":{"start":{"line":27,"column":20},"end":{"line":27,"column":null}},"17":{"start":{"line":31,"column":12},"end":{"line":36,"column":null}},"18":{"start":{"line":32,"column":16},"end":{"line":35,"column":null}},"19":{"start":{"line":39,"column":8},"end":{"line":39,"column":null}},"20":{"start":{"line":43,"column":8},"end":{"line":43,"column":null}},"21":{"start":{"line":44,"column":8},"end":{"line":44,"column":null}},"22":{"start":{"line":48,"column":25},"end":{"line":48,"column":49}},"23":{"start":{"line":50,"column":8},"end":{"line":52,"column":null}},"24":{"start":{"line":51,"column":12},"end":{"line":51,"column":null}},"25":{"start":{"line":54,"column":22},"end":{"line":54,"column":42}},"26":{"start":{"line":56,"column":8},"end":{"line":59,"column":null}},"27":{"start":{"line":57,"column":12},"end":{"line":57,"column":null}},"28":{"start":{"line":58,"column":12},"end":{"line":58,"column":null}},"29":{"start":{"line":61,"column":8},"end":{"line":68,"column":11}},"30":{"start":{"line":70,"column":8},"end":{"line":70,"column":null}},"31":{"start":{"line":73,"column":4},"end":{"line":73,"column":null}},"32":{"start":{"line":75,"column":4},"end":{"line":75,"column":null}}},"fnMap":{"0":{"name":"createRouter","decl":{"start":{"line":1,"column":16},"end":{"line":1,"column":28}},"loc":{"start":{"line":1,"column":36},"end":{"line":76,"column":null}},"line":1},"1":{"name":"register","decl":{"start":{"line":4,"column":13},"end":{"line":4,"column":21}},"loc":{"start":{"line":4,"column":39},"end":{"line":6,"column":null}},"line":4},"2":{"name":"matchRoute","decl":{"start":{"line":8,"column":13},"end":{"line":8,"column":23}},"loc":{"start":{"line":8,"column":34},"end":{"line":40,"column":null}},"line":8},"3":{"name":"navigate","decl":{"start":{"line":42,"column":13},"end":{"line":42,"column":21}},"loc":{"start":{"line":42,"column":28},"end":{"line":45,"column":null}},"line":42},"4":{"name":"handleRoute","decl":{"start":{"line":47,"column":13},"end":{"line":47,"column":24}},"loc":{"start":{"line":47,"column":27},"end":{"line":71,"column":null}},"line":47}},"branchMap":{"0":{"loc":{"start":{"line":13,"column":12},"end":{"line":15,"column":null}},"type":"if","locations":[{"start":{"line":13,"column":12},"end":{"line":15,"column":null}},{"start":{},"end":{}}],"line":13},"1":{"loc":{"start":{"line":21,"column":16},"end":{"line":28,"column":null}},"type":"if","locations":[{"start":{"line":21,"column":16},"end":{"line":28,"column":null}},{"start":{"line":25,"column":21},"end":{"line":28,"column":null}}],"line":21},"2":{"loc":{"start":{"line":25,"column":21},"end":{"line":28,"column":null}},"type":"if","locations":[{"start":{"line":25,"column":21},"end":{"line":28,"column":null}},{"start":{},"end":{}}],"line":25},"3":{"loc":{"start":{"line":31,"column":12},"end":{"line":36,"column":null}},"type":"if","locations":[{"start":{"line":31,"column":12},"end":{"line":36,"column":null}},{"start":{},"end":{}}],"line":31},"4":{"loc":{"start":{"line":50,"column":8},"end":{"line":52,"column":null}},"type":"if","locations":[{"start":{"line":50,"column":8},"end":{"line":52,"column":null}},{"start":{},"end":{}}],"line":50},"5":{"loc":{"start":{"line":56,"column":8},"end":{"line":59,"column":null}},"type":"if","locations":[{"start":{"line":56,"column":8},"end":{"line":59,"column":null}},{"start":{},"end":{}}],"line":56}},"s":{"0":2,"1":2,"2":2,"3":2,"4":2,"5":2,"6":0,"7":2,"8":2,"9":2,"10":2,"11":5,"12":1,"13":1,"14":4,"15":0,"16":0,"17":2,"18":2,"19":0,"20":2,"21":2,"22":2,"23":2,"24":0,"25":2,"26":2,"27":0,"28":0,"29":2,"30":2,"31":2,"32":2},"f":{"0":2,"1":2,"2":2,"3":2,"4":2},"b":{"0":[0,2],"1":[1,4],"2":[0,4],"3":[2,0],"4":[0,2],"5":[0,2]},"meta":{"lastBranch":6,"lastFunction":5,"lastStatement":33,"seen":{"f:1:16:1:28":0,"s:2:19:2:21":0,"f:4:13:4:21":1,"s:5:8:5:Infinity":1,"f:8:13:8:23":2,"s:9:8:37:Infinity":2,"s:10:31:10:52":3,"s:11:30:11:49":4,"b:13:12:15:Infinity:undefined:undefined:undefined:undefined":0,"s:13:12:15:Infinity":5,"s:14:16:14:Infinity":6,"s:17:27:17:29":7,"s:18:26:18:30":8,"s:20:12:29:Infinity":9,"s:20:25:20:26":10,"b:21:16:28:Infinity:25:21:28:Infinity":1,"s:21:16:28:Infinity":11,"s:22:38:22:60":12,"s:23:20:23:Infinity":13,"b:25:21:28:Infinity:undefined:undefined:undefined:undefined":2,"s:25:21:28:Infinity":14,"s:26:20:26:Infinity":15,"s:27:20:27:Infinity":16,"b:31:12:36:Infinity:undefined:undefined:undefined:undefined":3,"s:31:12:36:Infinity":17,"s:32:16:35:Infinity":18,"s:39:8:39:Infinity":19,"f:42:13:42:21":3,"s:43:8:43:Infinity":20,"s:44:8:44:Infinity":21,"f:47:13:47:24":4,"s:48:25:48:49":22,"b:50:8:52:Infinity:undefined:undefined:undefined:undefined":4,"s:50:8:52:Infinity":23,"s:51:12:51:Infinity":24,"s:54:22:54:42":25,"b:56:8:59:Infinity:undefined:undefined:undefined:undefined":5,"s:56:8:59:Infinity":26,"s:57:12:57:Infinity":27,"s:58:12:58:Infinity":28,"s:61:8:68:11":29,"s:70:8:70:Infinity":30,"s:73:4:73:Infinity":31,"s:75:4:75:Infinity":32},"fnNames":{}}}
,"/home/gauresh.pa/Training/Phase 1/Week4-Project/src/storage.js": {"path":"/home/gauresh.pa/Training/Phase 1/Week4-Project/src/storage.js","statementMap":{"0":{"start":{"line":2,"column":4},"end":{"line":14,"column":null}},"1":{"start":{"line":3,"column":8},"end":{"line":13,"column":null}},"2":{"start":{"line":4,"column":27},"end":{"line":4,"column":39}},"3":{"start":{"line":5,"column":26},"end":{"line":5,"column":42}},"4":{"start":{"line":7,"column":12},"end":{"line":10,"column":null}},"5":{"start":{"line":12,"column":12},"end":{"line":12,"column":null}},"6":{"start":{"line":18,"column":30},"end":{"line":18,"column":69}},"7":{"start":{"line":20,"column":4},"end":{"line":22,"column":null}},"8":{"start":{"line":21,"column":8},"end":{"line":21,"column":null}},"9":{"start":{"line":24,"column":4},"end":{"line":32,"column":null}},"10":{"start":{"line":25,"column":8},"end":{"line":27,"column":null}},"11":{"start":{"line":30,"column":8},"end":{"line":30,"column":null}},"12":{"start":{"line":31,"column":8},"end":{"line":31,"column":null}}},"fnMap":{"0":{"name":"storageMiddleware","decl":{"start":{"line":1,"column":16},"end":{"line":1,"column":33}},"loc":{"start":{"line":1,"column":41},"end":{"line":15,"column":null}},"line":1},"1":{"name":"(anonymous_1)","decl":{"start":{"line":2,"column":11},"end":{"line":2,"column":19}},"loc":{"start":{"line":2,"column":26},"end":{"line":14,"column":5}},"line":2},"2":{"name":"(anonymous_2)","decl":{"start":{"line":3,"column":15},"end":{"line":3,"column":23}},"loc":{"start":{"line":3,"column":33},"end":{"line":13,"column":9}},"line":3},"3":{"name":"loadState","decl":{"start":{"line":17,"column":16},"end":{"line":17,"column":25}},"loc":{"start":{"line":17,"column":28},"end":{"line":33,"column":null}},"line":17}},"branchMap":{"0":{"loc":{"start":{"line":20,"column":4},"end":{"line":22,"column":null}},"type":"if","locations":[{"start":{"line":20,"column":4},"end":{"line":22,"column":null}},{"start":{},"end":{}}],"line":20}},"s":{"0":1,"1":1,"2":1,"3":1,"4":1,"5":1,"6":3,"7":3,"8":1,"9":2,"10":2,"11":1,"12":1},"f":{"0":1,"1":1,"2":1,"3":3},"b":{"0":[1,2]},"meta":{"lastBranch":1,"lastFunction":4,"lastStatement":13,"seen":{"f:1:16:1:33":0,"s:2:4:14:Infinity":0,"f:2:11:2:19":1,"s:3:8:13:Infinity":1,"f:3:15:3:23":2,"s:4:27:4:39":2,"s:5:26:5:42":3,"s:7:12:10:Infinity":4,"s:12:12:12:Infinity":5,"f:17:16:17:25":3,"s:18:30:18:69":6,"b:20:4:22:Infinity:undefined:undefined:undefined:undefined":0,"s:20:4:22:Infinity":7,"s:21:8:21:Infinity":8,"s:24:4:32:Infinity":9,"s:25:8:27:Infinity":10,"s:30:8:30:Infinity":11,"s:31:8:31:Infinity":12},"fnNames":{}}}
,"/home/gauresh.pa/Training/Phase 1/Week4-Project/src/store.js": {"path":"/home/gauresh.pa/Training/Phase 1/Week4-Project/src/store.js","statementMap":{"0":{"start":{"line":2,"column":16},"end":{"line":2,"column":28}},"1":{"start":{"line":3,"column":22},"end":{"line":3,"column":24}},"2":{"start":{"line":6,"column":8},"end":{"line":6,"column":null}},"3":{"start":{"line":10,"column":8},"end":{"line":10,"column":null}},"4":{"start":{"line":11,"column":8},"end":{"line":11,"column":null}},"5":{"start":{"line":11,"column":40},"end":{"line":11,"column":50}},"6":{"start":{"line":15,"column":8},"end":{"line":15,"column":null}},"7":{"start":{"line":17,"column":8},"end":{"line":23,"column":null}},"8":{"start":{"line":18,"column":26},"end":{"line":18,"column":53}},"9":{"start":{"line":20,"column":12},"end":{"line":22,"column":null}},"10":{"start":{"line":21,"column":16},"end":{"line":21,"column":null}},"11":{"start":{"line":26,"column":18},"end":{"line":26,"column":49}},"12":{"start":{"line":28,"column":4},"end":{"line":31,"column":null}},"13":{"start":{"line":29,"column":33},"end":{"line":29,"column":47}},"14":{"start":{"line":30,"column":8},"end":{"line":30,"column":null}},"15":{"start":{"line":33,"column":4},"end":{"line":33,"column":null}}},"fnMap":{"0":{"name":"createStore","decl":{"start":{"line":1,"column":16},"end":{"line":1,"column":27}},"loc":{"start":{"line":1,"column":63},"end":{"line":34,"column":null}},"line":1},"1":{"name":"getState","decl":{"start":{"line":5,"column":13},"end":{"line":5,"column":21}},"loc":{"start":{"line":5,"column":24},"end":{"line":7,"column":null}},"line":5},"2":{"name":"dispatch","decl":{"start":{"line":9,"column":13},"end":{"line":9,"column":21}},"loc":{"start":{"line":9,"column":30},"end":{"line":12,"column":null}},"line":9},"3":{"name":"(anonymous_3)","decl":{"start":{"line":11,"column":26},"end":{"line":11,"column":27}},"loc":{"start":{"line":11,"column":40},"end":{"line":11,"column":50}},"line":11},"4":{"name":"subscribe","decl":{"start":{"line":14,"column":13},"end":{"line":14,"column":22}},"loc":{"start":{"line":14,"column":33},"end":{"line":24,"column":null}},"line":14},"5":{"name":"unsubscribe","decl":{"start":{"line":17,"column":24},"end":{"line":17,"column":35}},"loc":{"start":{"line":17,"column":38},"end":{"line":23,"column":9}},"line":17}},"branchMap":{"0":{"loc":{"start":{"line":20,"column":12},"end":{"line":22,"column":null}},"type":"if","locations":[{"start":{"line":20,"column":12},"end":{"line":22,"column":null}},{"start":{},"end":{}}],"line":20},"1":{"loc":{"start":{"line":28,"column":4},"end":{"line":31,"column":null}},"type":"if","locations":[{"start":{"line":28,"column":4},"end":{"line":31,"column":null}},{"start":{},"end":{}}],"line":28}},"s":{"0":5,"1":5,"2":4,"3":5,"4":5,"5":1,"6":2,"7":2,"8":1,"9":1,"10":1,"11":5,"12":5,"13":0,"14":0,"15":5},"f":{"0":5,"1":4,"2":5,"3":1,"4":2,"5":1},"b":{"0":[1,0],"1":[0,5]},"meta":{"lastBranch":2,"lastFunction":6,"lastStatement":16,"seen":{"f:1:16:1:27":0,"s:2:16:2:28":0,"s:3:22:3:24":1,"f:5:13:5:21":1,"s:6:8:6:Infinity":2,"f:9:13:9:21":2,"s:10:8:10:Infinity":3,"s:11:8:11:Infinity":4,"f:11:26:11:27":3,"s:11:40:11:50":5,"f:14:13:14:22":4,"s:15:8:15:Infinity":6,"s:17:8:23:Infinity":7,"f:17:24:17:35":5,"s:18:26:18:53":8,"b:20:12:22:Infinity:undefined:undefined:undefined:undefined":0,"s:20:12:22:Infinity":9,"s:21:16:21:Infinity":10,"s:26:18:26:49":11,"b:28:4:31:Infinity:undefined:undefined:undefined:undefined":1,"s:28:4:31:Infinity":12,"s:29:33:29:47":13,"s:30:8:30:Infinity":14,"s:33:4:33:Infinity":15},"fnNames":{}}}
,"/home/gauresh.pa/Training/Phase 1/Week4-Project/src/utils.js": {"path":"/home/gauresh.pa/Training/Phase 1/Week4-Project/src/utils.js","statementMap":{"0":{"start":{"line":2,"column":4},"end":{"line":4,"column":null}},"1":{"start":{"line":6,"column":4},"end":{"line":9,"column":null}},"2":{"start":{"line":11,"column":4},"end":{"line":27,"column":null}},"3":{"start":{"line":12,"column":8},"end":{"line":12,"column":null}},"4":{"start":{"line":14,"column":8},"end":{"line":14,"column":null}},"5":{"start":{"line":16,"column":8},"end":{"line":19,"column":null}},"6":{"start":{"line":21,"column":8},"end":{"line":21,"column":null}},"7":{"start":{"line":23,"column":8},"end":{"line":26,"column":null}}},"fnMap":{"0":{"name":"withLoading","decl":{"start":{"line":1,"column":22},"end":{"line":1,"column":33}},"loc":{"start":{"line":1,"column":52},"end":{"line":28,"column":null}},"line":1}},"branchMap":{},"s":{"0":2,"1":2,"2":2,"3":2,"4":1,"5":1,"6":1,"7":2},"f":{"0":2},"b":{},"meta":{"lastBranch":0,"lastFunction":1,"lastStatement":8,"seen":{"f:1:22:1:33":0,"s:2:4:4:Infinity":0,"s:6:4:9:Infinity":1,"s:11:4:27:Infinity":2,"s:12:8:12:Infinity":3,"s:14:8:14:Infinity":4,"s:16:8:19:Infinity":5,"s:21:8:21:Infinity":6,"s:23:8:26:Infinity":7},"fnNames":{}}}
,"/home/gauresh.pa/Training/Phase 1/Week4-Project/src/components/Button.js": {"path":"/home/gauresh.pa/Training/Phase 1/Week4-Project/src/components/Button.js","statementMap":{"0":{"start":{"line":2,"column":19},"end":{"line":2,"column":51}},"1":{"start":{"line":4,"column":4},"end":{"line":4,"column":null}},"2":{"start":{"line":5,"column":4},"end":{"line":5,"column":null}},"3":{"start":{"line":7,"column":4},"end":{"line":9,"column":null}},"4":{"start":{"line":8,"column":8},"end":{"line":8,"column":null}},"5":{"start":{"line":11,"column":4},"end":{"line":11,"column":null}}},"fnMap":{"0":{"name":"Button","decl":{"start":{"line":1,"column":16},"end":{"line":1,"column":22}},"loc":{"start":{"line":1,"column":57},"end":{"line":12,"column":null}},"line":1}},"branchMap":{"0":{"loc":{"start":{"line":1,"column":39},"end":{"line":1,"column":54}},"type":"default-arg","locations":[{"start":{"line":1,"column":46},"end":{"line":1,"column":54}}],"line":1},"1":{"loc":{"start":{"line":7,"column":4},"end":{"line":9,"column":null}},"type":"if","locations":[{"start":{"line":7,"column":4},"end":{"line":9,"column":null}},{"start":{},"end":{}}],"line":7}},"s":{"0":9,"1":9,"2":9,"3":9,"4":9,"5":9},"f":{"0":9},"b":{"0":[9],"1":[9,0]},"meta":{"lastBranch":2,"lastFunction":1,"lastStatement":6,"seen":{"f:1:16:1:22":0,"b:1:46:1:54":0,"s:2:19:2:51":0,"s:4:4:4:Infinity":1,"s:5:4:5:Infinity":2,"b:7:4:9:Infinity:undefined:undefined:undefined:undefined":1,"s:7:4:9:Infinity":3,"s:8:8:8:Infinity":4,"s:11:4:11:Infinity":5},"fnNames":{}}}
,"/home/gauresh.pa/Training/Phase 1/Week4-Project/src/components/Card.js": {"path":"/home/gauresh.pa/Training/Phase 1/Week4-Project/src/components/Card.js","statementMap":{"0":{"start":{"line":2,"column":17},"end":{"line":2,"column":46}},"1":{"start":{"line":3,"column":20},"end":{"line":3,"column":48}},"2":{"start":{"line":4,"column":17},"end":{"line":4,"column":44}},"3":{"start":{"line":6,"column":4},"end":{"line":6,"column":null}},"4":{"start":{"line":7,"column":4},"end":{"line":7,"column":null}},"5":{"start":{"line":8,"column":4},"end":{"line":8,"column":null}},"6":{"start":{"line":10,"column":4},"end":{"line":10,"column":null}},"7":{"start":{"line":11,"column":4},"end":{"line":11,"column":null}}},"fnMap":{"0":{"name":"Card","decl":{"start":{"line":1,"column":16},"end":{"line":1,"column":20}},"loc":{"start":{"line":1,"column":39},"end":{"line":12,"column":null}},"line":1}},"branchMap":{},"s":{"0":3,"1":3,"2":3,"3":3,"4":3,"5":3,"6":3,"7":3},"f":{"0":3},"b":{},"meta":{"lastBranch":0,"lastFunction":1,"lastStatement":8,"seen":{"f:1:16:1:20":0,"s:2:17:2:46":0,"s:3:20:3:48":1,"s:4:17:4:44":2,"s:6:4:6:Infinity":3,"s:7:4:7:Infinity":4,"s:8:4:8:Infinity":5,"s:10:4:10:Infinity":6,"s:11:4:11:Infinity":7},"fnNames":{}}}
,"/home/gauresh.pa/Training/Phase 1/Week4-Project/src/components/Modal.js": {"path":"/home/gauresh.pa/Training/Phase 1/Week4-Project/src/components/Modal.js","statementMap":{"0":{"start":{"line":2,"column":20},"end":{"line":2,"column":49}},"1":{"start":{"line":3,"column":4},"end":{"line":3,"column":null}},"2":{"start":{"line":5,"column":18},"end":{"line":5,"column":47}},"3":{"start":{"line":6,"column":4},"end":{"line":6,"column":null}},"4":{"start":{"line":8,"column":20},"end":{"line":8,"column":48}},"5":{"start":{"line":9,"column":4},"end":{"line":9,"column":null}},"6":{"start":{"line":10,"column":4},"end":{"line":10,"column":null}},"7":{"start":{"line":12,"column":24},"end":{"line":12,"column":56}},"8":{"start":{"line":13,"column":4},"end":{"line":13,"column":null}},"9":{"start":{"line":14,"column":4},"end":{"line":14,"column":null}},"10":{"start":{"line":15,"column":4},"end":{"line":15,"column":null}},"11":{"start":{"line":16,"column":4},"end":{"line":16,"column":null}},"12":{"start":{"line":19,"column":8},"end":{"line":19,"column":null}},"13":{"start":{"line":21,"column":8},"end":{"line":23,"column":null}},"14":{"start":{"line":22,"column":12},"end":{"line":22,"column":null}},"15":{"start":{"line":25,"column":8},"end":{"line":25,"column":null}},"16":{"start":{"line":29,"column":8},"end":{"line":31,"column":null}},"17":{"start":{"line":30,"column":12},"end":{"line":30,"column":null}},"18":{"start":{"line":34,"column":4},"end":{"line":34,"column":null}},"19":{"start":{"line":36,"column":4},"end":{"line":40,"column":null}},"20":{"start":{"line":37,"column":8},"end":{"line":39,"column":null}},"21":{"start":{"line":38,"column":12},"end":{"line":38,"column":null}},"22":{"start":{"line":42,"column":4},"end":{"line":42,"column":null}},"23":{"start":{"line":44,"column":4},"end":{"line":44,"column":null}},"24":{"start":{"line":45,"column":4},"end":{"line":45,"column":null}},"25":{"start":{"line":46,"column":4},"end":{"line":46,"column":null}}},"fnMap":{"0":{"name":"Modal","decl":{"start":{"line":1,"column":16},"end":{"line":1,"column":21}},"loc":{"start":{"line":1,"column":51},"end":{"line":47,"column":null}},"line":1},"1":{"name":"closeModal","decl":{"start":{"line":18,"column":13},"end":{"line":18,"column":23}},"loc":{"start":{"line":18,"column":26},"end":{"line":26,"column":null}},"line":18},"2":{"name":"handleKeyDown","decl":{"start":{"line":28,"column":13},"end":{"line":28,"column":26}},"loc":{"start":{"line":28,"column":34},"end":{"line":32,"column":null}},"line":28},"3":{"name":"(anonymous_3)","decl":{"start":{"line":36,"column":38},"end":{"line":36,"column":39}},"loc":{"start":{"line":36,"column":49},"end":{"line":40,"column":5}},"line":36}},"branchMap":{"0":{"loc":{"start":{"line":21,"column":8},"end":{"line":23,"column":null}},"type":"if","locations":[{"start":{"line":21,"column":8},"end":{"line":23,"column":null}},{"start":{},"end":{}}],"line":21},"1":{"loc":{"start":{"line":29,"column":8},"end":{"line":31,"column":null}},"type":"if","locations":[{"start":{"line":29,"column":8},"end":{"line":31,"column":null}},{"start":{},"end":{}}],"line":29},"2":{"loc":{"start":{"line":37,"column":8},"end":{"line":39,"column":null}},"type":"if","locations":[{"start":{"line":37,"column":8},"end":{"line":39,"column":null}},{"start":{},"end":{}}],"line":37}},"s":{"0":0,"1":0,"2":0,"3":0,"4":0,"5":0,"6":0,"7":0,"8":0,"9":0,"10":0,"11":0,"12":0,"13":0,"14":0,"15":0,"16":0,"17":0,"18":0,"19":0,"20":0,"21":0,"22":0,"23":0,"24":0,"25":0},"f":{"0":0,"1":0,"2":0,"3":0},"b":{"0":[0,0],"1":[0,0],"2":[0,0]},"meta":{"lastBranch":3,"lastFunction":4,"lastStatement":26,"seen":{"f:1:16:1:21":0,"s:2:20:2:49":0,"s:3:4:3:Infinity":1,"s:5:18:5:47":2,"s:6:4:6:Infinity":3,"s:8:20:8:48":4,"s:9:4:9:Infinity":5,"s:10:4:10:Infinity":6,"s:12:24:12:56":7,"s:13:4:13:Infinity":8,"s:14:4:14:Infinity":9,"s:15:4:15:Infinity":10,"s:16:4:16:Infinity":11,"f:18:13:18:23":1,"s:19:8:19:Infinity":12,"b:21:8:23:Infinity:undefined:undefined:undefined:undefined":0,"s:21:8:23:Infinity":13,"s:22:12:22:Infinity":14,"s:25:8:25:Infinity":15,"f:28:13:28:26":2,"b:29:8:31:Infinity:undefined:undefined:undefined:undefined":1,"s:29:8:31:Infinity":16,"s:30:12:30:Infinity":17,"s:34:4:34:Infinity":18,"s:36:4:40:Infinity":19,"f:36:38:36:39":3,"b:37:8:39:Infinity:undefined:undefined:undefined:undefined":2,"s:37:8:39:Infinity":20,"s:38:12:38:Infinity":21,"s:42:4:42:Infinity":22,"s:44:4:44:Infinity":23,"s:45:4:45:Infinity":24,"s:46:4:46:Infinity":25},"fnNames":{}}}
,"/home/gauresh.pa/Training/Phase 1/Week4-Project/src/pages/detail.js": {"path":"/home/gauresh.pa/Training/Phase 1/Week4-Project/src/pages/detail.js","statementMap":{"0":{"start":{"line":5,"column":17},"end":{"line":5,"column":46}},"1":{"start":{"line":6,"column":4},"end":{"line":6,"column":null}},"2":{"start":{"line":8,"column":20},"end":{"line":8,"column":48}},"3":{"start":{"line":9,"column":4},"end":{"line":9,"column":null}},"4":{"start":{"line":11,"column":4},"end":{"line":11,"column":null}},"5":{"start":{"line":13,"column":4},"end":{"line":20,"column":null}},"6":{"start":{"line":14,"column":31},"end":{"line":14,"column":58}},"7":{"start":{"line":15,"column":8},"end":{"line":15,"column":null}},"8":{"start":{"line":16,"column":8},"end":{"line":16,"column":null}},"9":{"start":{"line":17,"column":8},"end":{"line":17,"column":null}},"10":{"start":{"line":19,"column":8},"end":{"line":19,"column":null}},"11":{"start":{"line":22,"column":4},"end":{"line":29,"column":null}},"12":{"start":{"line":23,"column":29},"end":{"line":23,"column":56}},"13":{"start":{"line":24,"column":8},"end":{"line":24,"column":null}},"14":{"start":{"line":25,"column":8},"end":{"line":25,"column":null}},"15":{"start":{"line":27,"column":8},"end":{"line":27,"column":null}},"16":{"start":{"line":28,"column":8},"end":{"line":28,"column":null}},"17":{"start":{"line":31,"column":24},"end":{"line":33,"column":5}},"18":{"start":{"line":32,"column":18},"end":{"line":32,"column":null}},"19":{"start":{"line":36,"column":4},"end":{"line":44,"column":null}},"20":{"start":{"line":37,"column":24},"end":{"line":37,"column":51}},"21":{"start":{"line":38,"column":8},"end":{"line":38,"column":null}},"22":{"start":{"line":39,"column":8},"end":{"line":39,"column":null}},"23":{"start":{"line":41,"column":8},"end":{"line":41,"column":null}},"24":{"start":{"line":43,"column":8},"end":{"line":43,"column":null}},"25":{"start":{"line":46,"column":17},"end":{"line":49,"column":6}},"26":{"start":{"line":52,"column":23},"end":{"line":57,"column":6}},"27":{"start":{"line":55,"column":12},"end":{"line":55,"column":null}},"28":{"start":{"line":59,"column":4},"end":{"line":59,"column":null}},"29":{"start":{"line":60,"column":4},"end":{"line":60,"column":null}}},"fnMap":{"0":{"name":"renderDetailPage","decl":{"start":{"line":4,"column":16},"end":{"line":4,"column":32}},"loc":{"start":{"line":4,"column":48},"end":{"line":61,"column":null}},"line":4},"1":{"name":"(anonymous_1)","decl":{"start":{"line":32,"column":8},"end":{"line":32,"column":9}},"loc":{"start":{"line":32,"column":18},"end":{"line":32,"column":null}},"line":32},"2":{"name":"(anonymous_2)","decl":{"start":{"line":54,"column":17},"end":{"line":54,"column":18}},"loc":{"start":{"line":54,"column":23},"end":{"line":56,"column":null}},"line":54}},"branchMap":{"0":{"loc":{"start":{"line":13,"column":4},"end":{"line":20,"column":null}},"type":"if","locations":[{"start":{"line":13,"column":4},"end":{"line":20,"column":null}},{"start":{},"end":{}}],"line":13},"1":{"loc":{"start":{"line":22,"column":4},"end":{"line":29,"column":null}},"type":"if","locations":[{"start":{"line":22,"column":4},"end":{"line":29,"column":null}},{"start":{},"end":{}}],"line":22},"2":{"loc":{"start":{"line":36,"column":4},"end":{"line":44,"column":null}},"type":"if","locations":[{"start":{"line":36,"column":4},"end":{"line":44,"column":null}},{"start":{},"end":{}}],"line":36}},"s":{"0":2,"1":2,"2":2,"3":2,"4":2,"5":2,"6":0,"7":0,"8":0,"9":0,"10":0,"11":2,"12":0,"13":0,"14":0,"15":0,"16":0,"17":2,"18":1,"19":2,"20":1,"21":1,"22":1,"23":1,"24":1,"25":1,"26":1,"27":0,"28":1,"29":1},"f":{"0":2,"1":1,"2":0},"b":{"0":[0,2],"1":[0,2],"2":[1,1]},"meta":{"lastBranch":3,"lastFunction":3,"lastStatement":30,"seen":{"f:4:16:4:32":0,"s:5:17:5:46":0,"s:6:4:6:Infinity":1,"s:8:20:8:48":2,"s:9:4:9:Infinity":3,"s:11:4:11:Infinity":4,"b:13:4:20:Infinity:undefined:undefined:undefined:undefined":0,"s:13:4:20:Infinity":5,"s:14:31:14:58":6,"s:15:8:15:Infinity":7,"s:16:8:16:Infinity":8,"s:17:8:17:Infinity":9,"s:19:8:19:Infinity":10,"b:22:4:29:Infinity:undefined:undefined:undefined:undefined":1,"s:22:4:29:Infinity":11,"s:23:29:23:56":12,"s:24:8:24:Infinity":13,"s:25:8:25:Infinity":14,"s:27:8:27:Infinity":15,"s:28:8:28:Infinity":16,"s:31:24:33:5":17,"f:32:8:32:9":1,"s:32:18:32:Infinity":18,"b:36:4:44:Infinity:undefined:undefined:undefined:undefined":2,"s:36:4:44:Infinity":19,"s:37:24:37:51":20,"s:38:8:38:Infinity":21,"s:39:8:39:Infinity":22,"s:41:8:41:Infinity":23,"s:43:8:43:Infinity":24,"s:46:17:49:6":25,"s:52:23:57:6":26,"f:54:17:54:18":2,"s:55:12:55:Infinity":27,"s:59:4:59:Infinity":28,"s:60:4:60:Infinity":29},"fnNames":{}}}
,"/home/gauresh.pa/Training/Phase 1/Week4-Project/src/pages/list.js": {"path":"/home/gauresh.pa/Training/Phase 1/Week4-Project/src/pages/list.js","statementMap":{"0":{"start":{"line":7,"column":17},"end":{"line":7,"column":46}},"1":{"start":{"line":8,"column":20},"end":{"line":8,"column":48}},"2":{"start":{"line":10,"column":4},"end":{"line":10,"column":null}},"3":{"start":{"line":11,"column":4},"end":{"line":11,"column":null}},"4":{"start":{"line":12,"column":4},"end":{"line":12,"column":null}},"5":{"start":{"line":14,"column":4},"end":{"line":21,"column":null}},"6":{"start":{"line":15,"column":31},"end":{"line":15,"column":58}},"7":{"start":{"line":16,"column":8},"end":{"line":16,"column":null}},"8":{"start":{"line":17,"column":8},"end":{"line":17,"column":null}},"9":{"start":{"line":19,"column":8},"end":{"line":19,"column":null}},"10":{"start":{"line":20,"column":8},"end":{"line":20,"column":null}},"11":{"start":{"line":23,"column":4},"end":{"line":29,"column":null}},"12":{"start":{"line":24,"column":29},"end":{"line":24,"column":56}},"13":{"start":{"line":25,"column":8},"end":{"line":25,"column":null}},"14":{"start":{"line":26,"column":8},"end":{"line":26,"column":null}},"15":{"start":{"line":28,"column":8},"end":{"line":28,"column":null}},"16":{"start":{"line":31,"column":22},"end":{"line":36,"column":6}},"17":{"start":{"line":34,"column":12},"end":{"line":34,"column":null}},"18":{"start":{"line":38,"column":4},"end":{"line":38,"column":null}},"19":{"start":{"line":40,"column":25},"end":{"line":40,"column":49}},"20":{"start":{"line":42,"column":4},"end":{"line":46,"column":null}},"21":{"start":{"line":43,"column":29},"end":{"line":43,"column":56}},"22":{"start":{"line":44,"column":8},"end":{"line":44,"column":null}},"23":{"start":{"line":45,"column":8},"end":{"line":45,"column":null}},"24":{"start":{"line":48,"column":4},"end":{"line":79,"column":null}},"25":{"start":{"line":49,"column":21},"end":{"line":52,"column":10}},"26":{"start":{"line":54,"column":27},"end":{"line":59,"column":10}},"27":{"start":{"line":57,"column":16},"end":{"line":57,"column":null}},"28":{"start":{"line":61,"column":27},"end":{"line":66,"column":10}},"29":{"start":{"line":64,"column":16},"end":{"line":64,"column":null}},"30":{"start":{"line":68,"column":29},"end":{"line":76,"column":10}},"31":{"start":{"line":71,"column":16},"end":{"line":74,"column":null}},"32":{"start":{"line":78,"column":8},"end":{"line":78,"column":null}},"33":{"start":{"line":81,"column":4},"end":{"line":81,"column":null}},"34":{"start":{"line":85,"column":17},"end":{"line":85,"column":47}},"35":{"start":{"line":87,"column":29},"end":{"line":87,"column":60}},"36":{"start":{"line":88,"column":4},"end":{"line":88,"column":null}},"37":{"start":{"line":89,"column":4},"end":{"line":89,"column":null}},"38":{"start":{"line":90,"column":4},"end":{"line":90,"column":null}},"39":{"start":{"line":92,"column":24},"end":{"line":92,"column":55}},"40":{"start":{"line":93,"column":4},"end":{"line":93,"column":null}},"41":{"start":{"line":94,"column":4},"end":{"line":94,"column":null}},"42":{"start":{"line":95,"column":4},"end":{"line":95,"column":null}},"43":{"start":{"line":96,"column":4},"end":{"line":96,"column":null}},"44":{"start":{"line":98,"column":27},"end":{"line":98,"column":54}},"45":{"start":{"line":99,"column":4},"end":{"line":99,"column":null}},"46":{"start":{"line":100,"column":4},"end":{"line":100,"column":null}},"47":{"start":{"line":101,"column":4},"end":{"line":101,"column":null}},"48":{"start":{"line":103,"column":20},"end":{"line":103,"column":49}},"49":{"start":{"line":104,"column":4},"end":{"line":104,"column":null}},"50":{"start":{"line":106,"column":23},"end":{"line":109,"column":6}},"51":{"start":{"line":111,"column":25},"end":{"line":116,"column":6}},"52":{"start":{"line":114,"column":12},"end":{"line":114,"column":null}},"53":{"start":{"line":118,"column":4},"end":{"line":118,"column":null}},"54":{"start":{"line":119,"column":4},"end":{"line":119,"column":null}},"55":{"start":{"line":121,"column":4},"end":{"line":153,"column":null}},"56":{"start":{"line":122,"column":8},"end":{"line":122,"column":null}},"57":{"start":{"line":124,"column":28},"end":{"line":124,"column":57}},"58":{"start":{"line":125,"column":23},"end":{"line":125,"column":48}},"59":{"start":{"line":127,"column":8},"end":{"line":134,"column":null}},"60":{"start":{"line":128,"column":12},"end":{"line":131,"column":null}},"61":{"start":{"line":133,"column":12},"end":{"line":133,"column":null}},"62":{"start":{"line":136,"column":8},"end":{"line":136,"column":null}},"63":{"start":{"line":137,"column":8},"end":{"line":137,"column":null}},"64":{"start":{"line":138,"column":8},"end":{"line":138,"column":null}},"65":{"start":{"line":140,"column":8},"end":{"line":150,"column":null}},"66":{"start":{"line":141,"column":12},"end":{"line":141,"column":null}},"67":{"start":{"line":141,"column":41},"end":{"line":141,"column":66}},"68":{"start":{"line":142,"column":12},"end":{"line":149,"column":null}},"69":{"start":{"line":152,"column":8},"end":{"line":152,"column":null}},"70":{"start":{"line":155,"column":18},"end":{"line":158,"column":6}},"71":{"start":{"line":160,"column":4},"end":{"line":160,"column":null}},"72":{"start":{"line":161,"column":4},"end":{"line":161,"column":null}},"73":{"start":{"line":165,"column":17},"end":{"line":165,"column":47}},"74":{"start":{"line":167,"column":29},"end":{"line":167,"column":60}},"75":{"start":{"line":168,"column":4},"end":{"line":168,"column":null}},"76":{"start":{"line":169,"column":4},"end":{"line":169,"column":null}},"77":{"start":{"line":170,"column":4},"end":{"line":170,"column":null}},"78":{"start":{"line":172,"column":24},"end":{"line":172,"column":55}},"79":{"start":{"line":173,"column":4},"end":{"line":173,"column":null}},"80":{"start":{"line":174,"column":4},"end":{"line":174,"column":null}},"81":{"start":{"line":175,"column":4},"end":{"line":175,"column":null}},"82":{"start":{"line":176,"column":4},"end":{"line":176,"column":null}},"83":{"start":{"line":178,"column":27},"end":{"line":178,"column":54}},"84":{"start":{"line":179,"column":4},"end":{"line":179,"column":null}},"85":{"start":{"line":180,"column":4},"end":{"line":180,"column":null}},"86":{"start":{"line":181,"column":4},"end":{"line":181,"column":null}},"87":{"start":{"line":183,"column":20},"end":{"line":183,"column":49}},"88":{"start":{"line":184,"column":4},"end":{"line":184,"column":null}},"89":{"start":{"line":186,"column":23},"end":{"line":189,"column":6}},"90":{"start":{"line":191,"column":25},"end":{"line":196,"column":6}},"91":{"start":{"line":194,"column":12},"end":{"line":194,"column":null}},"92":{"start":{"line":198,"column":4},"end":{"line":198,"column":null}},"93":{"start":{"line":199,"column":4},"end":{"line":199,"column":null}},"94":{"start":{"line":201,"column":4},"end":{"line":234,"column":null}},"95":{"start":{"line":202,"column":8},"end":{"line":202,"column":null}},"96":{"start":{"line":204,"column":28},"end":{"line":204,"column":57}},"97":{"start":{"line":205,"column":23},"end":{"line":205,"column":48}},"98":{"start":{"line":207,"column":8},"end":{"line":214,"column":null}},"99":{"start":{"line":208,"column":12},"end":{"line":211,"column":null}},"100":{"start":{"line":213,"column":12},"end":{"line":213,"column":null}},"101":{"start":{"line":216,"column":8},"end":{"line":216,"column":null}},"102":{"start":{"line":217,"column":8},"end":{"line":217,"column":null}},"103":{"start":{"line":218,"column":8},"end":{"line":218,"column":null}},"104":{"start":{"line":220,"column":8},"end":{"line":231,"column":null}},"105":{"start":{"line":221,"column":12},"end":{"line":221,"column":null}},"106":{"start":{"line":221,"column":41},"end":{"line":221,"column":66}},"107":{"start":{"line":223,"column":12},"end":{"line":230,"column":null}},"108":{"start":{"line":233,"column":8},"end":{"line":233,"column":null}},"109":{"start":{"line":236,"column":18},"end":{"line":239,"column":6}},"110":{"start":{"line":241,"column":4},"end":{"line":241,"column":null}},"111":{"start":{"line":242,"column":4},"end":{"line":242,"column":null}}},"fnMap":{"0":{"name":"renderListPage","decl":{"start":{"line":6,"column":16},"end":{"line":6,"column":30}},"loc":{"start":{"line":6,"column":38},"end":{"line":82,"column":null}},"line":6},"1":{"name":"(anonymous_1)","decl":{"start":{"line":33,"column":17},"end":{"line":33,"column":18}},"loc":{"start":{"line":33,"column":23},"end":{"line":35,"column":null}},"line":33},"2":{"name":"(anonymous_2)","decl":{"start":{"line":48,"column":25},"end":{"line":48,"column":26}},"loc":{"start":{"line":48,"column":42},"end":{"line":79,"column":5}},"line":48},"3":{"name":"(anonymous_3)","decl":{"start":{"line":56,"column":21},"end":{"line":56,"column":22}},"loc":{"start":{"line":56,"column":27},"end":{"line":58,"column":null}},"line":56},"4":{"name":"(anonymous_4)","decl":{"start":{"line":63,"column":21},"end":{"line":63,"column":22}},"loc":{"start":{"line":63,"column":27},"end":{"line":65,"column":null}},"line":63},"5":{"name":"(anonymous_5)","decl":{"start":{"line":70,"column":21},"end":{"line":70,"column":22}},"loc":{"start":{"line":70,"column":27},"end":{"line":75,"column":null}},"line":70},"6":{"name":"showAddExpenseModal","decl":{"start":{"line":84,"column":9},"end":{"line":84,"column":28}},"loc":{"start":{"line":84,"column":31},"end":{"line":162,"column":null}},"line":84},"7":{"name":"(anonymous_7)","decl":{"start":{"line":113,"column":17},"end":{"line":113,"column":18}},"loc":{"start":{"line":113,"column":23},"end":{"line":115,"column":null}},"line":113},"8":{"name":"(anonymous_8)","decl":{"start":{"line":121,"column":37},"end":{"line":121,"column":42}},"loc":{"start":{"line":121,"column":53},"end":{"line":153,"column":5}},"line":121},"9":{"name":"(anonymous_9)","decl":{"start":{"line":140,"column":40},"end":{"line":140,"column":45}},"loc":{"start":{"line":140,"column":52},"end":{"line":150,"column":9}},"line":140},"10":{"name":"(anonymous_10)","decl":{"start":{"line":141,"column":30},"end":{"line":141,"column":37}},"loc":{"start":{"line":141,"column":41},"end":{"line":141,"column":66}},"line":141},"11":{"name":"showEditExpenseModal","decl":{"start":{"line":164,"column":9},"end":{"line":164,"column":29}},"loc":{"start":{"line":164,"column":43},"end":{"line":243,"column":null}},"line":164},"12":{"name":"(anonymous_12)","decl":{"start":{"line":193,"column":17},"end":{"line":193,"column":18}},"loc":{"start":{"line":193,"column":23},"end":{"line":195,"column":null}},"line":193},"13":{"name":"(anonymous_13)","decl":{"start":{"line":201,"column":36},"end":{"line":201,"column":41}},"loc":{"start":{"line":201,"column":53},"end":{"line":234,"column":5}},"line":201},"14":{"name":"(anonymous_14)","decl":{"start":{"line":220,"column":40},"end":{"line":220,"column":45}},"loc":{"start":{"line":220,"column":52},"end":{"line":231,"column":9}},"line":220},"15":{"name":"(anonymous_15)","decl":{"start":{"line":221,"column":30},"end":{"line":221,"column":37}},"loc":{"start":{"line":221,"column":41},"end":{"line":221,"column":66}},"line":221}},"branchMap":{"0":{"loc":{"start":{"line":14,"column":4},"end":{"line":21,"column":null}},"type":"if","locations":[{"start":{"line":14,"column":4},"end":{"line":21,"column":null}},{"start":{},"end":{}}],"line":14},"1":{"loc":{"start":{"line":23,"column":4},"end":{"line":29,"column":null}},"type":"if","locations":[{"start":{"line":23,"column":4},"end":{"line":29,"column":null}},{"start":{},"end":{}}],"line":23},"2":{"loc":{"start":{"line":40,"column":25},"end":{"line":40,"column":49}},"type":"binary-expr","locations":[{"start":{"line":40,"column":25},"end":{"line":40,"column":43}},{"start":{"line":40,"column":47},"end":{"line":40,"column":49}}],"line":40},"3":{"loc":{"start":{"line":42,"column":4},"end":{"line":46,"column":null}},"type":"if","locations":[{"start":{"line":42,"column":4},"end":{"line":46,"column":null}},{"start":{},"end":{}}],"line":42},"4":{"loc":{"start":{"line":127,"column":8},"end":{"line":134,"column":null}},"type":"if","locations":[{"start":{"line":127,"column":8},"end":{"line":134,"column":null}},{"start":{},"end":{}}],"line":127},"5":{"loc":{"start":{"line":127,"column":12},"end":{"line":127,"column":37}},"type":"binary-expr","locations":[{"start":{"line":127,"column":12},"end":{"line":127,"column":24}},{"start":{"line":127,"column":28},"end":{"line":127,"column":37}}],"line":127},"6":{"loc":{"start":{"line":207,"column":8},"end":{"line":214,"column":null}},"type":"if","locations":[{"start":{"line":207,"column":8},"end":{"line":214,"column":null}},{"start":{},"end":{}}],"line":207},"7":{"loc":{"start":{"line":207,"column":12},"end":{"line":207,"column":37}},"type":"binary-expr","locations":[{"start":{"line":207,"column":12},"end":{"line":207,"column":24}},{"start":{"line":207,"column":28},"end":{"line":207,"column":37}}],"line":207}},"s":{"0":3,"1":3,"2":3,"3":3,"4":3,"5":3,"6":1,"7":1,"8":1,"9":1,"10":1,"11":2,"12":0,"13":0,"14":0,"15":0,"16":2,"17":0,"18":2,"19":2,"20":3,"21":1,"22":1,"23":1,"24":2,"25":2,"26":2,"27":0,"28":2,"29":0,"30":2,"31":0,"32":2,"33":2,"34":0,"35":0,"36":0,"37":0,"38":0,"39":0,"40":0,"41":0,"42":0,"43":0,"44":0,"45":0,"46":0,"47":0,"48":0,"49":0,"50":0,"51":0,"52":0,"53":0,"54":0,"55":0,"56":0,"57":0,"58":0,"59":0,"60":0,"61":0,"62":0,"63":0,"64":0,"65":0,"66":0,"67":0,"68":0,"69":0,"70":0,"71":0,"72":0,"73":0,"74":0,"75":0,"76":0,"77":0,"78":0,"79":0,"80":0,"81":0,"82":0,"83":0,"84":0,"85":0,"86":0,"87":0,"88":0,"89":0,"90":0,"91":0,"92":0,"93":0,"94":0,"95":0,"96":0,"97":0,"98":0,"99":0,"100":0,"101":0,"102":0,"103":0,"104":0,"105":0,"106":0,"107":0,"108":0,"109":0,"110":0,"111":0},"f":{"0":3,"1":0,"2":2,"3":0,"4":0,"5":0,"6":0,"7":0,"8":0,"9":0,"10":0,"11":0,"12":0,"13":0,"14":0,"15":0},"b":{"0":[1,2],"1":[0,2],"2":[2,0],"3":[1,2],"4":[0,0],"5":[0,0],"6":[0,0],"7":[0,0]},"meta":{"lastBranch":8,"lastFunction":16,"lastStatement":112,"seen":{"f:6:16:6:30":0,"s:7:17:7:46":0,"s:8:20:8:48":1,"s:10:4:10:Infinity":2,"s:11:4:11:Infinity":3,"s:12:4:12:Infinity":4,"b:14:4:21:Infinity:undefined:undefined:undefined:undefined":0,"s:14:4:21:Infinity":5,"s:15:31:15:58":6,"s:16:8:16:Infinity":7,"s:17:8:17:Infinity":8,"s:19:8:19:Infinity":9,"s:20:8:20:Infinity":10,"b:23:4:29:Infinity:undefined:undefined:undefined:undefined":1,"s:23:4:29:Infinity":11,"s:24:29:24:56":12,"s:25:8:25:Infinity":13,"s:26:8:26:Infinity":14,"s:28:8:28:Infinity":15,"s:31:22:36:6":16,"f:33:17:33:18":1,"s:34:12:34:Infinity":17,"s:38:4:38:Infinity":18,"s:40:25:40:49":19,"b:40:25:40:43:40:47:40:49":2,"b:42:4:46:Infinity:undefined:undefined:undefined:undefined":3,"s:42:4:46:Infinity":20,"s:43:29:43:56":21,"s:44:8:44:Infinity":22,"s:45:8:45:Infinity":23,"s:48:4:79:Infinity":24,"f:48:25:48:26":2,"s:49:21:52:10":25,"s:54:27:59:10":26,"f:56:21:56:22":3,"s:57:16:57:Infinity":27,"s:61:27:66:10":28,"f:63:21:63:22":4,"s:64:16:64:Infinity":29,"s:68:29:76:10":30,"f:70:21:70:22":5,"s:71:16:74:Infinity":31,"s:78:8:78:Infinity":32,"s:81:4:81:Infinity":33,"f:84:9:84:28":6,"s:85:17:85:47":34,"s:87:29:87:60":35,"s:88:4:88:Infinity":36,"s:89:4:89:Infinity":37,"s:90:4:90:Infinity":38,"s:92:24:92:55":39,"s:93:4:93:Infinity":40,"s:94:4:94:Infinity":41,"s:95:4:95:Infinity":42,"s:96:4:96:Infinity":43,"s:98:27:98:54":44,"s:99:4:99:Infinity":45,"s:100:4:100:Infinity":46,"s:101:4:101:Infinity":47,"s:103:20:103:49":48,"s:104:4:104:Infinity":49,"s:106:23:109:6":50,"s:111:25:116:6":51,"f:113:17:113:18":7,"s:114:12:114:Infinity":52,"s:118:4:118:Infinity":53,"s:119:4:119:Infinity":54,"s:121:4:153:Infinity":55,"f:121:37:121:42":8,"s:122:8:122:Infinity":56,"s:124:28:124:57":57,"s:125:23:125:48":58,"b:127:8:134:Infinity:undefined:undefined:undefined:undefined":4,"s:127:8:134:Infinity":59,"b:127:12:127:24:127:28:127:37":5,"s:128:12:131:Infinity":60,"s:133:12:133:Infinity":61,"s:136:8:136:Infinity":62,"s:137:8:137:Infinity":63,"s:138:8:138:Infinity":64,"s:140:8:150:Infinity":65,"f:140:40:140:45":9,"s:141:12:141:Infinity":66,"f:141:30:141:37":10,"s:141:41:141:66":67,"s:142:12:149:Infinity":68,"s:152:8:152:Infinity":69,"s:155:18:158:6":70,"s:160:4:160:Infinity":71,"s:161:4:161:Infinity":72,"f:164:9:164:29":11,"s:165:17:165:47":73,"s:167:29:167:60":74,"s:168:4:168:Infinity":75,"s:169:4:169:Infinity":76,"s:170:4:170:Infinity":77,"s:172:24:172:55":78,"s:173:4:173:Infinity":79,"s:174:4:174:Infinity":80,"s:175:4:175:Infinity":81,"s:176:4:176:Infinity":82,"s:178:27:178:54":83,"s:179:4:179:Infinity":84,"s:180:4:180:Infinity":85,"s:181:4:181:Infinity":86,"s:183:20:183:49":87,"s:184:4:184:Infinity":88,"s:186:23:189:6":89,"s:191:25:196:6":90,"f:193:17:193:18":12,"s:194:12:194:Infinity":91,"s:198:4:198:Infinity":92,"s:199:4:199:Infinity":93,"s:201:4:234:Infinity":94,"f:201:36:201:41":13,"s:202:8:202:Infinity":95,"s:204:28:204:57":96,"s:205:23:205:48":97,"b:207:8:214:Infinity:undefined:undefined:undefined:undefined":6,"s:207:8:214:Infinity":98,"b:207:12:207:24:207:28:207:37":7,"s:208:12:211:Infinity":99,"s:213:12:213:Infinity":100,"s:216:8:216:Infinity":101,"s:217:8:217:Infinity":102,"s:218:8:218:Infinity":103,"s:220:8:231:Infinity":104,"f:220:40:220:45":14,"s:221:12:221:Infinity":105,"f:221:30:221:37":15,"s:221:41:221:66":106,"s:223:12:230:Infinity":107,"s:233:8:233:Infinity":108,"s:236:18:239:6":109,"s:241:4:241:Infinity":110,"s:242:4:242:Infinity":111},"fnNames":{}}}
}
